2021-01-12 19:58:05,282 - Log file for this run: /home/lx/paper/distiller-master/logs/2021.01.12-195805/2021.01.12-195805.log
2021-01-12 19:58:05,282 - Number of CPUs: 16
2021-01-12 19:58:05,322 - Number of GPUs: 1
2021-01-12 19:58:05,323 - CUDA version: 10.1.243
2021-01-12 19:58:05,324 - CUDNN version: 7603
2021-01-12 19:58:05,324 - Kernel: 5.4.0-58-generic
2021-01-12 19:58:05,324 - Python: 3.6.12 |Anaconda, Inc.| (default, Sep  8 2020, 23:10:56) 
[GCC 7.3.0]
2021-01-12 19:58:05,324 - pip freeze: {'absl-py': '0.11.0', 'addict': '2.4.0', 'argon2-cffi': '20.1.0', 'astor': '0.8.1', 'async-generator': '1.10', 'atomicwrites': '1.4.0', 'attrs': '20.3.0', 'backcall': '0.2.0', 'bleach': '1.5.0', 'bqplot': '0.11.5', 'certifi': '2020.12.5', 'cffi': '1.14.4', 'chardet': '4.0.0', 'cycler': '0.10.0', 'dataclasses': '0.8', 'decorator': '4.4.2', 'defusedxml': '0.6.0', 'distiller': '0.4.0rc0', 'entrypoints': '0.3', 'gast': '0.2.2', 'gitdb': '4.0.5', 'gitpython': '3.1.0', 'google-pasta': '0.2.0', 'graphviz': '0.10.1', 'grpcio': '1.34.0', 'gym': '0.12.5', 'h5py': '2.10.0', 'html5lib': '0.9999999', 'idna': '2.10', 'importlib-metadata': '3.3.0', 'ipykernel': '5.4.2', 'ipython': '7.16.1', 'ipython-genutils': '0.2.0', 'ipywidgets': '7.4.2', 'jedi': '0.18.0', 'jinja2': '2.11.2', 'joblib': '1.0.0', 'jsonpatch': '1.28', 'jsonpointer': '2.0', 'jsonschema': '3.2.0', 'jupyter': '1.0.0', 'jupyter-client': '6.1.11', 'jupyter-console': '6.2.0', 'jupyter-core': '4.7.0', 'jupyterlab-pygments': '0.1.2', 'keras-applications': '1.0.8', 'keras-preprocessing': '1.1.2', 'kiwisolver': '1.3.1', 'markdown': '3.3.3', 'markupsafe': '1.1.1', 'matplotlib': '3.3.3', 'mistune': '0.8.4', 'mmcv': '1.2.5', 'mmcv-full': '1.2.5', 'more-itertools': '8.6.0', 'munch': '2.5.0', 'nbclient': '0.5.1', 'nbconvert': '6.0.7', 'nbformat': '5.0.8', 'nest-asyncio': '1.4.3', 'ninja': '1.10.0.post2', 'notebook': '6.1.6', 'numpy': '1.18.5', 'opencv-python': '4.5.1.48', 'opt-einsum': '3.3.0', 'packaging': '20.8', 'pandas': '1.1.5', 'pandocfilters': '1.4.3', 'parso': '0.8.1', 'pexpect': '4.8.0', 'pickleshare': '0.7.5', 'pillow': '6.2.2', 'pip': '20.3.3', 'pluggy': '0.13.1', 'pretrainedmodels': '0.7.4', 'prometheus-client': '0.9.0', 'prompt-toolkit': '3.0.10', 'protobuf': '3.14.0', 'ptyprocess': '0.7.0', 'py': '1.10.0', 'pycparser': '2.20', 'pydot': '1.4.1', 'pyglet': '1.5.14', 'pygments': '2.7.3', 'pyparsing': '2.4.7', 'pyrsistent': '0.17.3', 'pytest': '4.6.11', 'python-dateutil': '2.8.1', 'pytz': '2020.5', 'pyyaml': '5.3.1', 'pyzmq': '20.0.0', 'qgrid': '1.1.1', 'qtconsole': '5.0.1', 'qtpy': '1.9.0', 'requests': '2.25.1', 'scikit-learn': '0.21.2', 'scipy': '1.5.4', 'send2trash': '1.5.0', 'setuptools': '51.0.0.post20201207', 'six': '1.15.0', 'smmap': '3.0.4', 'tabulate': '0.8.3', 'tensorboard': '1.15.0', 'tensorflow': '1.15.5', 'tensorflow-estimator': '1.15.1', 'termcolor': '1.1.0', 'terminado': '0.9.2', 'testpath': '0.4.4', 'torch': '1.3.1', 'torchfile': '0.1.0', 'torchnet': '0.0.4', 'torchvision': '0.4.2', 'tornado': '6.1', 'tqdm': '4.33.0', 'traitlets': '4.3.3', 'traittypes': '0.2.1', 'typing-extensions': '3.7.4.3', 'urllib3': '1.26.2', 'visdom': '0.1.8.9', 'wcwidth': '0.2.5', 'websocket-client': '0.57.0', 'werkzeug': '1.0.1', 'wheel': '0.36.2', 'widgetsnbextension': '3.4.2', 'wrapt': '1.12.1', 'xlsxwriter': '1.3.7', 'yapf': '0.30.0', 'zipp': '3.4.0'}
2021-01-12 19:58:05,324 - Cannot find a Git repository.  You probably downloaded an archive of Distiller.
2021-01-12 19:58:05,324 - Command line: examples/classifier_compression/compress_classifier.py --arch resnet20_cifar ../../../data.cifar10 -p=50 --lr=0.3 --epochs=180 --compress=../network_slimming/resnet20_slimming.yaml -j=1 --deterministic
2021-01-12 19:58:05,325 - Failed to copy of config file: [Errno 2] No such file or directory: '../network_slimming/resnet20_slimming.yaml'
2021-01-12 19:58:05,326 - Random seed: 0
2021-01-12 19:58:05,341 - => created a resnet20_cifar model with the cifar10 dataset
2021-01-12 19:58:07,280 - Traceback (most recent call last):
  File "examples/classifier_compression/compress_classifier.py", line 212, in <module>
    main()
  File "examples/classifier_compression/compress_classifier.py", line 74, in main
    app = ClassifierCompressorSampleApp(args, script_dir=os.path.dirname(__file__))
  File "examples/classifier_compression/compress_classifier.py", line 164, in __init__
    super().__init__(args, script_dir)
  File "/home/lx/paper/distiller-master/distiller/apputils/image_classifier.py", line 71, in __init__
    self.start_epoch, self.ending_epoch) = _init_learner(self.args)
  File "/home/lx/paper/distiller-master/distiller/apputils/image_classifier.py", line 418, in _init_learner
    (start_epoch-1) if args.resumed_checkpoint_path else None)
  File "/home/lx/paper/distiller-master/distiller/config.py", line 137, in file_config
    with open(filename, 'r') as stream:
FileNotFoundError: [Errno 2] No such file or directory: '../network_slimming/resnet20_slimming.yaml'

2021-01-12 19:58:07,280 - 
2021-01-12 19:58:07,280 - Log file for this run: /home/lx/paper/distiller-master/logs/2021.01.12-195805/2021.01.12-195805.log
